app/build/intermediates/manifest_merge_blame_file/liteRelease/manifest-merger-blame-lite-release-report.txt
1<?xml version="1.0" encoding="utf-8"?>
2<manifest xmlns:android="http://schemas.android.com/apk/res/android"
3    package="top.rootu.feplus"
4    android:versionCode="564"
5    android:versionName="1.0.0-12-ga7377a2-dirty" >
6
7    <uses-sdk
7-->src/main/AndroidManifest.xml:5:5-120
8        android:minSdkVersion="16"
8-->src/main/AndroidManifest.xml:5:5-120
9        android:targetSdkVersion="28" />
9-->src/main/AndroidManifest.xml:5:5-120
10    <!-- use older sdk -->
11
12    <uses-permission android:name="android.permission.ACCESS_NETWORK_STATE" />
12-->src/main/AndroidManifest.xml:7:5-79
12-->src/main/AndroidManifest.xml:7:22-76
13    <uses-permission android:name="android.permission.ACCESS_WIFI_STATE" />
13-->src/main/AndroidManifest.xml:8:5-10:43
13-->src/main/AndroidManifest.xml:9:9-60
14    <uses-permission android:name="android.permission.INTERNET" />
14-->src/main/AndroidManifest.xml:11:5-67
14-->src/main/AndroidManifest.xml:11:22-64
15    <uses-permission android:name="android.permission.QUICKBOOT_POWERON" />
15-->src/main/AndroidManifest.xml:12:5-76
15-->src/main/AndroidManifest.xml:12:22-73
16    <uses-permission android:name="android.permission.READ_EXTERNAL_STORAGE" />
16-->src/main/AndroidManifest.xml:13:5-80
16-->src/main/AndroidManifest.xml:13:22-77
17    <uses-permission android:name="android.permission.RECEIVE_BOOT_COMPLETED" />
17-->src/main/AndroidManifest.xml:14:5-81
17-->src/main/AndroidManifest.xml:14:22-78
18    <uses-permission android:name="android.permission.RECORD_AUDIO" />
18-->src/main/AndroidManifest.xml:15:5-71
18-->src/main/AndroidManifest.xml:15:22-68
19    <uses-permission android:name="android.permission.REQUEST_INSTALL_PACKAGES" /> <!-- Android 8.0 updater fix -->
19-->src/main/AndroidManifest.xml:16:5-83
19-->src/main/AndroidManifest.xml:16:22-80
20    <uses-permission android:name="android.permission.WRITE_EXTERNAL_STORAGE" />
20-->src/main/AndroidManifest.xml:17:5-19:40
20-->src/main/AndroidManifest.xml:18:9-65
21    <uses-permission android:name="com.android.providers.tv.permission.READ_EPG_DATA" /> <!-- Android TV Channels -->
21-->src/main/AndroidManifest.xml:20:5-89
21-->src/main/AndroidManifest.xml:20:22-86
22    <uses-permission android:name="com.android.providers.tv.permission.WRITE_EPG_DATA" />
22-->src/main/AndroidManifest.xml:21:5-90
22-->src/main/AndroidManifest.xml:21:22-87
23
24    <queries>
24-->src/main/AndroidManifest.xml:23:5-58:15
25        <package android:name="com.android.vending" />
25-->src/main/AndroidManifest.xml:24:9-55
25-->src/main/AndroidManifest.xml:24:18-52
26        <package android:name="com.google.android.googlequicksearchbox" />
26-->src/main/AndroidManifest.xml:25:9-75
26-->src/main/AndroidManifest.xml:25:18-72
27        <package android:name="com.google.android.katniss" />
27-->src/main/AndroidManifest.xml:26:9-62
27-->src/main/AndroidManifest.xml:26:18-59
28        <package android:name="net.gtvbox.videoplayer" />
28-->src/main/AndroidManifest.xml:27:9-58
28-->src/main/AndroidManifest.xml:27:18-55
29        <package android:name="net.gtvbox.vimuhd" />
29-->src/main/AndroidManifest.xml:28:9-53
29-->src/main/AndroidManifest.xml:28:18-50
30        <package android:name="org.telegram.messenger" />
30-->src/main/AndroidManifest.xml:29:9-58
30-->src/main/AndroidManifest.xml:29:18-55
31        <package android:name="org.telegram.plus" />
31-->src/main/AndroidManifest.xml:30:9-53
31-->src/main/AndroidManifest.xml:30:18-50
32        <package android:name="org.telegram.messenger.web" />
32-->src/main/AndroidManifest.xml:31:9-62
32-->src/main/AndroidManifest.xml:31:18-59
33        <package android:name="nekox.messenger" />
33-->src/main/AndroidManifest.xml:32:9-51
33-->src/main/AndroidManifest.xml:32:18-48
34        <package android:name="uz.dilijan.messenger" />
34-->src/main/AndroidManifest.xml:33:9-56
34-->src/main/AndroidManifest.xml:33:18-53
35
36        <intent>
36-->src/main/AndroidManifest.xml:35:9-37:18
37            <action android:name="android.speech.RecognitionService" />
37-->src/main/AndroidManifest.xml:36:13-72
37-->src/main/AndroidManifest.xml:36:21-69
38        </intent>
39        <intent>
39-->src/main/AndroidManifest.xml:38:9-42:18
40            <action android:name="android.intent.action.PICK" />
40-->src/main/AndroidManifest.xml:39:13-65
40-->src/main/AndroidManifest.xml:39:21-62
41
42            <data android:mimeType="*/*" />
42-->src/main/AndroidManifest.xml:41:13-44
42-->src/main/AndroidManifest.xml:41:19-41
43        </intent>
44        <intent>
44-->src/main/AndroidManifest.xml:43:9-47:18
45            <action android:name="android.intent.action.VIEW" />
45-->src/main/AndroidManifest.xml:44:13-65
45-->src/main/AndroidManifest.xml:44:21-62
46
47            <data android:mimeType="application/x-bittorrent" />
47-->src/main/AndroidManifest.xml:41:13-44
47-->src/main/AndroidManifest.xml:41:19-41
48        </intent>
49        <intent>
49-->src/main/AndroidManifest.xml:48:9-52:18
50            <action android:name="android.intent.action.VIEW" />
50-->src/main/AndroidManifest.xml:44:13-65
50-->src/main/AndroidManifest.xml:44:21-62
51
52            <data android:mimeType="video/*" />
52-->src/main/AndroidManifest.xml:41:13-44
52-->src/main/AndroidManifest.xml:41:19-41
53        </intent>
54        <intent>
54-->src/main/AndroidManifest.xml:53:9-57:18
55            <action android:name="android.intent.action.VIEW" />
55-->src/main/AndroidManifest.xml:44:13-65
55-->src/main/AndroidManifest.xml:44:21-62
56
57            <data android:mimeType="audio/x-mpegurl" />
57-->src/main/AndroidManifest.xml:41:13-44
57-->src/main/AndroidManifest.xml:41:19-41
58        </intent>
59    </queries>
60
61    <uses-feature
61-->src/main/AndroidManifest.xml:60:5-62:36
62        android:name="android.hardware.touchscreen"
62-->src/main/AndroidManifest.xml:61:9-52
63        android:required="false" />
63-->src/main/AndroidManifest.xml:62:9-33
64    <uses-feature
64-->src/main/AndroidManifest.xml:63:5-65:36
65        android:name="android.hardware.microphone"
65-->src/main/AndroidManifest.xml:64:9-51
66        android:required="false" />
66-->src/main/AndroidManifest.xml:65:9-33
67    <uses-feature
67-->src/main/AndroidManifest.xml:66:5-68:36
68        android:name="android.software.leanback"
68-->src/main/AndroidManifest.xml:67:9-49
69        android:required="false" />
69-->src/main/AndroidManifest.xml:68:9-33
70
71    <permission
71-->[androidx.core:core:1.12.0] AndroidManifest.xml:22:5-24:47
72        android:name="top.rootu.feplus.DYNAMIC_RECEIVER_NOT_EXPORTED_PERMISSION"
72-->[androidx.core:core:1.12.0] AndroidManifest.xml:23:9-81
73        android:protectionLevel="signature" />
73-->[androidx.core:core:1.12.0] AndroidManifest.xml:24:9-44
74
75    <uses-permission android:name="top.rootu.feplus.DYNAMIC_RECEIVER_NOT_EXPORTED_PERMISSION" />
75-->[androidx.core:core:1.12.0] AndroidManifest.xml:26:5-97
75-->[androidx.core:core:1.12.0] AndroidManifest.xml:26:22-94
76
77    <application
77-->src/main/AndroidManifest.xml:70:5-193:19
78        android:name="top.rootu.lampa.App"
78-->src/main/AndroidManifest.xml:71:9-28
79        android:allowBackup="true"
79-->src/main/AndroidManifest.xml:72:9-35
80        android:appComponentFactory="androidx.core.app.CoreComponentFactory"
80-->[androidx.core:core:1.12.0] AndroidManifest.xml:28:18-86
81        android:banner="@drawable/feplus_banner"
81-->src/main/AndroidManifest.xml:73:9-49
82        android:hardwareAccelerated="true"
82-->src/main/AndroidManifest.xml:74:9-43
83        android:icon="@mipmap/ic_launcher"
83-->src/main/AndroidManifest.xml:75:9-43
84        android:label="@string/app_name"
84-->src/main/AndroidManifest.xml:76:9-41
85        android:largeHeap="true"
85-->src/main/AndroidManifest.xml:77:9-33
86        android:networkSecurityConfig="@xml/network_security_config"
86-->src/main/AndroidManifest.xml:78:9-69
87        android:requestLegacyExternalStorage="true"
87-->src/main/AndroidManifest.xml:79:9-52
88        android:roundIcon="@mipmap/ic_launcher"
88-->src/main/AndroidManifest.xml:80:9-48
89        android:screenOrientation="userLandscape"
89-->src/main/AndroidManifest.xml:81:9-50
90        android:supportsRtl="true"
90-->src/main/AndroidManifest.xml:82:9-35
91        android:theme="@style/Theme.LAMPA" >
91-->src/main/AndroidManifest.xml:83:9-43
92        <activity
92-->src/main/AndroidManifest.xml:86:9-88:40
93            android:name="top.rootu.lampa.CrashActivity"
93-->src/main/AndroidManifest.xml:87:13-42
94            android:exported="false" />
94-->src/main/AndroidManifest.xml:88:13-37
95        <activity
95-->src/main/AndroidManifest.xml:89:9-133:20
96            android:name="top.rootu.lampa.MainActivity"
96-->src/main/AndroidManifest.xml:90:13-41
97            android:allowTaskReparenting="true"
97-->src/main/AndroidManifest.xml:91:13-48
98            android:configChanges="keyboard|keyboardHidden|orientation|screenSize"
98-->src/main/AndroidManifest.xml:92:13-83
99            android:exported="true"
99-->src/main/AndroidManifest.xml:93:13-36
100            android:launchMode="singleTop" >
100-->src/main/AndroidManifest.xml:94:13-43
101            <intent-filter>
101-->src/main/AndroidManifest.xml:95:13-100:29
102                <action android:name="android.intent.action.MAIN" />
102-->src/main/AndroidManifest.xml:96:17-69
102-->src/main/AndroidManifest.xml:96:25-66
103
104                <category android:name="android.intent.category.LAUNCHER" />
104-->src/main/AndroidManifest.xml:98:17-77
104-->src/main/AndroidManifest.xml:98:27-74
105                <category android:name="android.intent.category.LEANBACK_LAUNCHER" />
105-->src/main/AndroidManifest.xml:99:17-86
105-->src/main/AndroidManifest.xml:99:27-83
106            </intent-filter>
107            <intent-filter>
107-->src/main/AndroidManifest.xml:101:13-103:29
108                <action android:name="android.intent.action.SEARCH" />
108-->src/main/AndroidManifest.xml:102:17-71
108-->src/main/AndroidManifest.xml:102:25-68
109            </intent-filter>
110            <intent-filter android:autoVerify="true" >
110-->src/main/AndroidManifest.xml:104:13-117:29
110-->src/main/AndroidManifest.xml:104:28-53
111                <action android:name="android.intent.action.VIEW" />
111-->src/main/AndroidManifest.xml:44:13-65
111-->src/main/AndroidManifest.xml:44:21-62
112                <action android:name="android.intent.action.SEND" />
112-->src/main/AndroidManifest.xml:106:17-69
112-->src/main/AndroidManifest.xml:106:25-66
113
114                <category android:name="android.intent.category.DEFAULT" />
114-->src/main/AndroidManifest.xml:108:17-76
114-->src/main/AndroidManifest.xml:108:27-73
115                <category android:name="android.intent.category.BROWSABLE" />
115-->src/main/AndroidManifest.xml:109:17-78
115-->src/main/AndroidManifest.xml:109:27-75
116
117                <data android:scheme="http" />
117-->src/main/AndroidManifest.xml:41:13-44
117-->src/main/AndroidManifest.xml:111:23-44
118                <data android:scheme="https" />
118-->src/main/AndroidManifest.xml:41:13-44
118-->src/main/AndroidManifest.xml:111:23-44
119                <data android:host="www.themoviedb.org" />
119-->src/main/AndroidManifest.xml:41:13-44
119-->src/main/AndroidManifest.xml:113:23-56
120                <data android:host="themoviedb.org" />
120-->src/main/AndroidManifest.xml:41:13-44
120-->src/main/AndroidManifest.xml:113:23-56
121                <data android:pathPattern="/movie/.*" />
121-->src/main/AndroidManifest.xml:41:13-44
121-->src/main/AndroidManifest.xml:115:23-54
122                <data android:pathPattern="/tv/.*" />
122-->src/main/AndroidManifest.xml:41:13-44
122-->src/main/AndroidManifest.xml:115:23-54
123            </intent-filter>
124            <intent-filter>
124-->src/main/AndroidManifest.xml:118:13-128:29
125                <action android:name="android.intent.action.VIEW" />
125-->src/main/AndroidManifest.xml:44:13-65
125-->src/main/AndroidManifest.xml:44:21-62
126
127                <category android:name="android.intent.category.DEFAULT" />
127-->src/main/AndroidManifest.xml:108:17-76
127-->src/main/AndroidManifest.xml:108:27-73
128                <category android:name="android.intent.category.BROWSABLE" />
128-->src/main/AndroidManifest.xml:109:17-78
128-->src/main/AndroidManifest.xml:109:27-75
129
130                <data
130-->src/main/AndroidManifest.xml:41:13-44
131                    android:host="@string/provider_auth"
131-->src/main/AndroidManifest.xml:113:23-56
132                    android:pathPattern=".*"
132-->src/main/AndroidManifest.xml:115:23-54
133                    android:scheme="lampa" />
133-->src/main/AndroidManifest.xml:111:23-44
134            </intent-filter>
135
136            <meta-data
136-->src/main/AndroidManifest.xml:130:13-132:54
137                android:name="android.app.searchable"
137-->src/main/AndroidManifest.xml:131:17-54
138                android:resource="@xml/searchable" />
138-->src/main/AndroidManifest.xml:132:17-51
139        </activity>
140        <activity
140-->src/main/AndroidManifest.xml:134:9-138:50
141            android:name="top.rootu.lampa.UpdateActivity"
141-->src/main/AndroidManifest.xml:135:13-43
142            android:excludeFromRecents="true"
142-->src/main/AndroidManifest.xml:136:13-46
143            android:launchMode="singleInstance"
143-->src/main/AndroidManifest.xml:137:13-48
144            android:theme="@style/Theme.LAMPA" />
144-->src/main/AndroidManifest.xml:138:13-47
145
146        <uses-library
146-->src/main/AndroidManifest.xml:140:9-142:40
147            android:name="org.apache.http.legacy"
147-->src/main/AndroidManifest.xml:141:13-50
148            android:required="false" />
148-->src/main/AndroidManifest.xml:142:13-37
149
150        <receiver
150-->src/main/AndroidManifest.xml:144:9-155:20
151            android:name="top.rootu.lampa.receivers.BootReceiver"
151-->src/main/AndroidManifest.xml:145:13-51
152            android:enabled="true"
152-->src/main/AndroidManifest.xml:146:13-35
153            android:exported="false" >
153-->src/main/AndroidManifest.xml:147:13-37
154            <intent-filter>
154-->src/main/AndroidManifest.xml:148:13-154:29
155                <action android:name="android.intent.action.BOOT_COMPLETED" />
155-->src/main/AndroidManifest.xml:149:17-79
155-->src/main/AndroidManifest.xml:149:25-76
156                <action android:name="android.intent.action.QUICKBOOT_POWERON" />
156-->src/main/AndroidManifest.xml:150:17-82
156-->src/main/AndroidManifest.xml:150:25-79
157                <action android:name="com.htc.intent.action.QUICKBOOT_POWERON" />
157-->src/main/AndroidManifest.xml:151:17-82
157-->src/main/AndroidManifest.xml:151:25-79
158
159                <category android:name="android.intent.category.DEFAULT" />
159-->src/main/AndroidManifest.xml:108:17-76
159-->src/main/AndroidManifest.xml:108:27-73
160            </intent-filter>
161        </receiver>
162        <receiver
162-->src/main/AndroidManifest.xml:156:9-168:20
163            android:name="top.rootu.lampa.receivers.HomeWatch"
163-->src/main/AndroidManifest.xml:157:13-48
164            android:enabled="true"
164-->src/main/AndroidManifest.xml:158:13-35
165            android:exported="true" >
165-->src/main/AndroidManifest.xml:159:13-36
166            <intent-filter>
166-->src/main/AndroidManifest.xml:160:13-167:29
167                <action android:name="android.media.tv.action.INITIALIZE_PROGRAMS" />
167-->src/main/AndroidManifest.xml:161:17-86
167-->src/main/AndroidManifest.xml:161:25-83
168                <action android:name="android.media.tv.action.PREVIEW_PROGRAM_ADDED_TO_WATCH_NEXT" />
168-->src/main/AndroidManifest.xml:162:17-102
168-->src/main/AndroidManifest.xml:162:25-99
169                <action android:name="android.media.tv.action.WATCH_NEXT_PROGRAM_BROWSABLE_DISABLED" />
169-->src/main/AndroidManifest.xml:163:17-104
169-->src/main/AndroidManifest.xml:163:25-101
170                <action android:name="android.media.tv.action.PREVIEW_PROGRAM_BROWSABLE_DISABLED" />
170-->src/main/AndroidManifest.xml:164:17-101
170-->src/main/AndroidManifest.xml:164:25-98
171
172                <category android:name="android.intent.category.DEFAULT" />
172-->src/main/AndroidManifest.xml:108:17-76
172-->src/main/AndroidManifest.xml:108:27-73
173            </intent-filter>
174        </receiver>
175
176        <provider
177            android:name="androidx.core.content.FileProvider"
177-->src/main/AndroidManifest.xml:171:13-62
178            android:authorities="top.rootu.feplus.update_provider"
178-->src/main/AndroidManifest.xml:172:13-67
179            android:exported="false"
179-->src/main/AndroidManifest.xml:173:13-37
180            android:grantUriPermissions="true" >
180-->src/main/AndroidManifest.xml:174:13-47
181            <meta-data
181-->src/main/AndroidManifest.xml:175:13-177:58
182                android:name="android.support.FILE_PROVIDER_PATHS"
182-->src/main/AndroidManifest.xml:176:17-67
183                android:resource="@xml/provider_paths" />
183-->src/main/AndroidManifest.xml:177:17-55
184        </provider>
185        <provider
186            android:name="top.rootu.lampa.search.SearchProvider"
186-->src/main/AndroidManifest.xml:180:13-50
187            android:authorities="top.rootu.feplus.atvsearch"
187-->src/main/AndroidManifest.xml:181:13-61
188            android:exported="true" />
188-->src/main/AndroidManifest.xml:182:13-36
189
190        <service
190-->src/main/AndroidManifest.xml:185:9-189:72
191            android:name="top.rootu.lampa.sched.ContentJobService"
191-->src/main/AndroidManifest.xml:186:13-52
192            android:enabled="true"
192-->src/main/AndroidManifest.xml:187:13-35
193            android:exported="true"
193-->src/main/AndroidManifest.xml:188:13-36
194            android:permission="android.permission.BIND_JOB_SERVICE" />
194-->src/main/AndroidManifest.xml:189:13-69
195        <service
195-->src/main/AndroidManifest.xml:190:9-192:38
196            android:name="top.rootu.lampa.sched.ContentAlarmManager"
196-->src/main/AndroidManifest.xml:191:13-54
197            android:enabled="true" />
197-->src/main/AndroidManifest.xml:192:13-35
198
199        <provider
199-->[androidx.emoji2:emoji2:1.2.0] AndroidManifest.xml:24:9-32:20
200            android:name="androidx.startup.InitializationProvider"
200-->[androidx.emoji2:emoji2:1.2.0] AndroidManifest.xml:25:13-67
201            android:authorities="top.rootu.feplus.androidx-startup"
201-->[androidx.emoji2:emoji2:1.2.0] AndroidManifest.xml:26:13-68
202            android:exported="false" >
202-->[androidx.emoji2:emoji2:1.2.0] AndroidManifest.xml:27:13-37
203            <meta-data
203-->[androidx.emoji2:emoji2:1.2.0] AndroidManifest.xml:29:13-31:52
204                android:name="androidx.emoji2.text.EmojiCompatInitializer"
204-->[androidx.emoji2:emoji2:1.2.0] AndroidManifest.xml:30:17-75
205                android:value="androidx.startup" />
205-->[androidx.emoji2:emoji2:1.2.0] AndroidManifest.xml:31:17-49
206            <meta-data
206-->[androidx.lifecycle:lifecycle-process:2.6.2] AndroidManifest.xml:29:13-31:52
207                android:name="androidx.lifecycle.ProcessLifecycleInitializer"
207-->[androidx.lifecycle:lifecycle-process:2.6.2] AndroidManifest.xml:30:17-78
208                android:value="androidx.startup" />
208-->[androidx.lifecycle:lifecycle-process:2.6.2] AndroidManifest.xml:31:17-49
209            <meta-data
209-->[androidx.profileinstaller:profileinstaller:1.3.0] AndroidManifest.xml:29:13-31:52
210                android:name="androidx.profileinstaller.ProfileInstallerInitializer"
210-->[androidx.profileinstaller:profileinstaller:1.3.0] AndroidManifest.xml:30:17-85
211                android:value="androidx.startup" />
211-->[androidx.profileinstaller:profileinstaller:1.3.0] AndroidManifest.xml:31:17-49
212        </provider>
213
214        <uses-library
214-->[androidx.window:window:1.0.0] AndroidManifest.xml:25:9-27:40
215            android:name="androidx.window.extensions"
215-->[androidx.window:window:1.0.0] AndroidManifest.xml:26:13-54
216            android:required="false" />
216-->[androidx.window:window:1.0.0] AndroidManifest.xml:27:13-37
217        <uses-library
217-->[androidx.window:window:1.0.0] AndroidManifest.xml:28:9-30:40
218            android:name="androidx.window.sidecar"
218-->[androidx.window:window:1.0.0] AndroidManifest.xml:29:13-51
219            android:required="false" />
219-->[androidx.window:window:1.0.0] AndroidManifest.xml:30:13-37
220
221        <meta-data
221-->[com.github.bumptech.glide:okhttp3-integration:5.0.5] AndroidManifest.xml:8:9-10:43
222            android:name="com.bumptech.glide.integration.okhttp3.OkHttpGlideModule"
222-->[com.github.bumptech.glide:okhttp3-integration:5.0.5] AndroidManifest.xml:9:13-84
223            android:value="GlideModule" />
223-->[com.github.bumptech.glide:okhttp3-integration:5.0.5] AndroidManifest.xml:10:13-40
224
225        <receiver
225-->[androidx.profileinstaller:profileinstaller:1.3.0] AndroidManifest.xml:34:9-52:20
226            android:name="androidx.profileinstaller.ProfileInstallReceiver"
226-->[androidx.profileinstaller:profileinstaller:1.3.0] AndroidManifest.xml:35:13-76
227            android:directBootAware="false"
227-->[androidx.profileinstaller:profileinstaller:1.3.0] AndroidManifest.xml:36:13-44
228            android:enabled="true"
228-->[androidx.profileinstaller:profileinstaller:1.3.0] AndroidManifest.xml:37:13-35
229            android:exported="true"
229-->[androidx.profileinstaller:profileinstaller:1.3.0] AndroidManifest.xml:38:13-36
230            android:permission="android.permission.DUMP" >
230-->[androidx.profileinstaller:profileinstaller:1.3.0] AndroidManifest.xml:39:13-57
231            <intent-filter>
231-->[androidx.profileinstaller:profileinstaller:1.3.0] AndroidManifest.xml:40:13-42:29
232                <action android:name="androidx.profileinstaller.action.INSTALL_PROFILE" />
232-->[androidx.profileinstaller:profileinstaller:1.3.0] AndroidManifest.xml:41:17-91
232-->[androidx.profileinstaller:profileinstaller:1.3.0] AndroidManifest.xml:41:25-88
233            </intent-filter>
234            <intent-filter>
234-->[androidx.profileinstaller:profileinstaller:1.3.0] AndroidManifest.xml:43:13-45:29
235                <action android:name="androidx.profileinstaller.action.SKIP_FILE" />
235-->[androidx.profileinstaller:profileinstaller:1.3.0] AndroidManifest.xml:44:17-85
235-->[androidx.profileinstaller:profileinstaller:1.3.0] AndroidManifest.xml:44:25-82
236            </intent-filter>
237            <intent-filter>
237-->[androidx.profileinstaller:profileinstaller:1.3.0] AndroidManifest.xml:46:13-48:29
238                <action android:name="androidx.profileinstaller.action.SAVE_PROFILE" />
238-->[androidx.profileinstaller:profileinstaller:1.3.0] AndroidManifest.xml:47:17-88
238-->[androidx.profileinstaller:profileinstaller:1.3.0] AndroidManifest.xml:47:25-85
239            </intent-filter>
240            <intent-filter>
240-->[androidx.profileinstaller:profileinstaller:1.3.0] AndroidManifest.xml:49:13-51:29
241                <action android:name="androidx.profileinstaller.action.BENCHMARK_OPERATION" />
241-->[androidx.profileinstaller:profileinstaller:1.3.0] AndroidManifest.xml:50:17-95
241-->[androidx.profileinstaller:profileinstaller:1.3.0] AndroidManifest.xml:50:25-92
242            </intent-filter>
243        </receiver>
244    </application>
245
246</manifest>